Arguments: 
  /Users/simonogdon/Library/Application Support/fnm/node-versions/v18.16.1/installation/bin/node /Users/simonogdon/.cache/node/corepack/yarn/1.22.19/bin/yarn.js add companion-module

PATH: 
  /Users/simonogdon/Library/Caches/fnm_multishells/1141_1688907856901/bin:/Users/simonogdon/Library/Application Support/fnm:/opt/homebrew/bin:/opt/homebrew/sbin:/usr/local/bin:/usr/bin:/bin:/usr/sbin:/sbin:/Library/TeX/texbin:/opt/X11/bin

Yarn version: 
  1.22.19

Node version: 
  18.16.1

Platform: 
  darwin arm64

Trace: 
  Error: https://registry.yarnpkg.com/companion-module: Not found
      at params.callback [as _callback] (/Users/simonogdon/.cache/node/corepack/yarn/1.22.19/lib/cli.js:66145:18)
      at self.callback (/Users/simonogdon/.cache/node/corepack/yarn/1.22.19/lib/cli.js:140890:22)
      at Request.emit (node:events:513:28)
      at Request.<anonymous> (/Users/simonogdon/.cache/node/corepack/yarn/1.22.19/lib/cli.js:141862:10)
      at Request.emit (node:events:513:28)
      at IncomingMessage.<anonymous> (/Users/simonogdon/.cache/node/corepack/yarn/1.22.19/lib/cli.js:141784:12)
      at Object.onceWrapper (node:events:627:28)
      at IncomingMessage.emit (node:events:525:35)
      at endReadableNT (node:internal/streams/readable:1359:12)
      at process.processTicksAndRejections (node:internal/process/task_queues:82:21)

npm manifest: 
  {
  	"name": "allenheath-ahm",
  	"legacy": ["allenheath-ahm"],
  	"version": "1.0.2",
  	"api_version": "1.0.0",
  	"keywords": [
  		"Audio",
  		"Sound"
  	],
  	"manufacturer": "Allen & Heath",
  	"product": [
  		"AHM"
  	],
  	"shortname": "AHM",
  	"description": "Allen & Heath AHM module for Companion",
  	"main": "index.js",
  	"scripts": {
  		"test": "echo \"Error: no test specified\" && exit 1"
  	},
  	"author": "Jeffrey Davidsz <jeffrey.davidsz@vicreo.eu>",
  	"license": "MIT",
  	"homepage": "https://github.com/bitfocus/companion-module-allenheath-ahm#readme",
  	"bugs": {
  		"url": "https://github.com/bitfocus/companion-module-allenheath-ahm/issues"
  	},
  	"repository": {
  		"type": "git",
  		"url": "git+https://github.com/bitfocus/companion-module-allenheath-ahm.git"
  	}
  }

yarn manifest: 
  No manifest

Lockfile: 
  # THIS IS AN AUTOGENERATED FILE. DO NOT EDIT THIS FILE DIRECTLY.
  # yarn lockfile v1
